<?xml version="1.0" encoding="UTF-8"?>
<testng-results ignored="0" total="22" passed="21" failed="1" skipped="0">
  <reporter-output>
  </reporter-output>
  <suite started-at="2024-02-07T19:34:01 IST" name="Default suite" finished-at="2024-02-07T19:34:53 IST" duration-ms="52735">
    <groups>
    </groups>
    <test started-at="2024-02-07T19:34:01 IST" name="Default test" finished-at="2024-02-07T19:34:53 IST" duration-ms="52735">
      <class name="Internship_Project_2.Project_2_main">
        <test-method signature="Testcase1()[pri:1, instance:Internship_Project_2.Project_2_main@53ce1329]" started-at="2024-02-07T19:34:01 IST" name="Testcase1" finished-at="2024-02-07T19:34:01 IST" duration-ms="7" status="PASS">
          <reporter-output>
          </reporter-output>
        </test-method> <!-- Testcase1 -->
        <test-method signature="Testcase2()[pri:2, instance:Internship_Project_2.Project_2_main@53ce1329]" started-at="2024-02-07T19:34:01 IST" name="Testcase2" finished-at="2024-02-07T19:34:01 IST" duration-ms="1" status="PASS">
          <reporter-output>
          </reporter-output>
        </test-method> <!-- Testcase2 -->
        <test-method signature="Testcase3()[pri:3, instance:Internship_Project_2.Project_2_main@53ce1329]" started-at="2024-02-07T19:34:01 IST" name="Testcase3" finished-at="2024-02-07T19:34:01 IST" duration-ms="1" status="PASS">
          <reporter-output>
          </reporter-output>
        </test-method> <!-- Testcase3 -->
        <test-method signature="Testcase4()[pri:4, instance:Internship_Project_2.Project_2_main@53ce1329]" started-at="2024-02-07T19:34:01 IST" name="Testcase4" finished-at="2024-02-07T19:34:01 IST" duration-ms="1" status="PASS">
          <reporter-output>
          </reporter-output>
        </test-method> <!-- Testcase4 -->
        <test-method signature="Testcase5()[pri:5, instance:Internship_Project_2.Project_2_main@53ce1329]" started-at="2024-02-07T19:34:01 IST" name="Testcase5" finished-at="2024-02-07T19:34:01 IST" duration-ms="1" status="PASS">
          <reporter-output>
          </reporter-output>
        </test-method> <!-- Testcase5 -->
        <test-method signature="Testcase6()[pri:6, instance:Internship_Project_2.Project_2_main@53ce1329]" started-at="2024-02-07T19:34:01 IST" name="Testcase6" finished-at="2024-02-07T19:34:01 IST" duration-ms="1" status="PASS">
          <reporter-output>
          </reporter-output>
        </test-method> <!-- Testcase6 -->
        <test-method signature="Testcase7()[pri:7, instance:Internship_Project_2.Project_2_main@53ce1329]" started-at="2024-02-07T19:34:01 IST" name="Testcase7" finished-at="2024-02-07T19:34:01 IST" duration-ms="0" status="PASS">
          <reporter-output>
          </reporter-output>
        </test-method> <!-- Testcase7 -->
        <test-method signature="Testcase8()[pri:8, instance:Internship_Project_2.Project_2_main@53ce1329]" started-at="2024-02-07T19:34:01 IST" name="Testcase8" finished-at="2024-02-07T19:34:01 IST" duration-ms="1" status="PASS">
          <reporter-output>
          </reporter-output>
        </test-method> <!-- Testcase8 -->
        <test-method signature="Testcase9()[pri:9, instance:Internship_Project_2.Project_2_main@53ce1329]" started-at="2024-02-07T19:34:01 IST" name="Testcase9" finished-at="2024-02-07T19:34:01 IST" duration-ms="1" status="PASS">
          <reporter-output>
          </reporter-output>
        </test-method> <!-- Testcase9 -->
        <test-method signature="Testcase10()[pri:10, instance:Internship_Project_2.Project_2_main@53ce1329]" started-at="2024-02-07T19:34:01 IST" name="Testcase10" finished-at="2024-02-07T19:34:01 IST" duration-ms="1" status="PASS">
          <reporter-output>
          </reporter-output>
        </test-method> <!-- Testcase10 -->
        <test-method signature="Testcase11()[pri:11, instance:Internship_Project_2.Project_2_main@53ce1329]" started-at="2024-02-07T19:34:01 IST" name="Testcase11" finished-at="2024-02-07T19:34:01 IST" duration-ms="0" status="PASS">
          <reporter-output>
          </reporter-output>
        </test-method> <!-- Testcase11 -->
        <test-method signature="Testcase12()[pri:12, instance:Internship_Project_2.Project_2_main@53ce1329]" started-at="2024-02-07T19:34:01 IST" name="Testcase12" finished-at="2024-02-07T19:34:01 IST" duration-ms="1" status="PASS">
          <reporter-output>
          </reporter-output>
        </test-method> <!-- Testcase12 -->
        <test-method signature="Testcase13()[pri:13, instance:Internship_Project_2.Project_2_main@53ce1329]" started-at="2024-02-07T19:34:01 IST" name="Testcase13" finished-at="2024-02-07T19:34:01 IST" duration-ms="0" status="PASS">
          <reporter-output>
          </reporter-output>
        </test-method> <!-- Testcase13 -->
        <test-method signature="Testcase14()[pri:14, instance:Internship_Project_2.Project_2_main@53ce1329]" started-at="2024-02-07T19:34:01 IST" name="Testcase14" finished-at="2024-02-07T19:34:01 IST" duration-ms="1" status="PASS">
          <reporter-output>
          </reporter-output>
        </test-method> <!-- Testcase14 -->
        <test-method signature="Testcase15()[pri:15, instance:Internship_Project_2.Project_2_main@53ce1329]" started-at="2024-02-07T19:34:01 IST" name="Testcase15" finished-at="2024-02-07T19:34:53 IST" duration-ms="52647" status="FAIL">
          <exception class="org.openqa.selenium.NoSuchElementException">
            <message>
              <![CDATA[no such element: Unable to locate element: {"method":"css selector","selector":"#\/\/textarea\[\@name\=\'message\'\]"}
  (Session info: chrome=121.0.6167.140)
For documentation on this error, please visit: https://www.selenium.dev/documentation/webdriver/troubleshooting/errors#no-such-element-exception
Build info: version: '4.15.0', revision: '1d14b5521b'
System info: os.name: 'Windows 11', os.arch: 'amd64', os.version: '10.0', java.version: '17.0.8.1'
Driver info: org.openqa.selenium.chrome.ChromeDriver
Command: [348e288da36927872836a9606e46e4ed, findElement {using=id, value=//textarea[@name='message']}]
Capabilities {acceptInsecureCerts: false, browserName: chrome, browserVersion: 121.0.6167.140, chrome: {chromedriverVersion: 121.0.6167.85 (3f98d690ad7e..., userDataDir: C:\Users\user\AppData\Local...}, fedcm:accounts: true, goog:chromeOptions: {debuggerAddress: localhost:55328}, networkConnectionEnabled: false, pageLoadStrategy: normal, platformName: windows, proxy: Proxy(), se:cdp: ws://localhost:55328/devtoo..., se:cdpVersion: 121.0.6167.140, setWindowRect: true, strictFileInteractability: false, timeouts: {implicit: 0, pageLoad: 300000, script: 30000}, unhandledPromptBehavior: dismiss and notify, webauthn:extension:credBlob: true, webauthn:extension:largeBlob: true, webauthn:extension:minPinLength: true, webauthn:extension:prf: true, webauthn:virtualAuthenticators: true}
Session ID: 348e288da36927872836a9606e46e4ed]]>
            </message>
            <full-stacktrace>
              <![CDATA[org.openqa.selenium.NoSuchElementException: no such element: Unable to locate element: {"method":"css selector","selector":"#\/\/textarea\[\@name\=\'message\'\]"}
  (Session info: chrome=121.0.6167.140)
For documentation on this error, please visit: https://www.selenium.dev/documentation/webdriver/troubleshooting/errors#no-such-element-exception
Build info: version: '4.15.0', revision: '1d14b5521b'
System info: os.name: 'Windows 11', os.arch: 'amd64', os.version: '10.0', java.version: '17.0.8.1'
Driver info: org.openqa.selenium.chrome.ChromeDriver
Command: [348e288da36927872836a9606e46e4ed, findElement {using=id, value=//textarea[@name='message']}]
Capabilities {acceptInsecureCerts: false, browserName: chrome, browserVersion: 121.0.6167.140, chrome: {chromedriverVersion: 121.0.6167.85 (3f98d690ad7e..., userDataDir: C:\Users\user\AppData\Local...}, fedcm:accounts: true, goog:chromeOptions: {debuggerAddress: localhost:55328}, networkConnectionEnabled: false, pageLoadStrategy: normal, platformName: windows, proxy: Proxy(), se:cdp: ws://localhost:55328/devtoo..., se:cdpVersion: 121.0.6167.140, setWindowRect: true, strictFileInteractability: false, timeouts: {implicit: 0, pageLoad: 300000, script: 30000}, unhandledPromptBehavior: dismiss and notify, webauthn:extension:credBlob: true, webauthn:extension:largeBlob: true, webauthn:extension:minPinLength: true, webauthn:extension:prf: true, webauthn:virtualAuthenticators: true}
Session ID: 348e288da36927872836a9606e46e4ed
at java.base/jdk.internal.reflect.NativeConstructorAccessorImpl.newInstance0(Native Method)
at java.base/jdk.internal.reflect.NativeConstructorAccessorImpl.newInstance(NativeConstructorAccessorImpl.java:77)
at java.base/jdk.internal.reflect.DelegatingConstructorAccessorImpl.newInstance(DelegatingConstructorAccessorImpl.java:45)
at java.base/java.lang.reflect.Constructor.newInstanceWithCaller(Constructor.java:499)
at java.base/java.lang.reflect.Constructor.newInstance(Constructor.java:480)
at org.openqa.selenium.remote.codec.w3c.W3CHttpResponseCodec.createException(W3CHttpResponseCodec.java:200)
at org.openqa.selenium.remote.codec.w3c.W3CHttpResponseCodec.decode(W3CHttpResponseCodec.java:133)
at org.openqa.selenium.remote.codec.w3c.W3CHttpResponseCodec.decode(W3CHttpResponseCodec.java:52)
at org.openqa.selenium.remote.HttpCommandExecutor.execute(HttpCommandExecutor.java:191)
at org.openqa.selenium.remote.service.DriverCommandExecutor.invokeExecute(DriverCommandExecutor.java:200)
at org.openqa.selenium.remote.service.DriverCommandExecutor.execute(DriverCommandExecutor.java:175)
at org.openqa.selenium.remote.RemoteWebDriver.execute(RemoteWebDriver.java:607)
at org.openqa.selenium.remote.ElementLocation$ElementFinder$2.findElement(ElementLocation.java:165)
at org.openqa.selenium.remote.ElementLocation.findElement(ElementLocation.java:59)
at org.openqa.selenium.remote.RemoteWebDriver.findElement(RemoteWebDriver.java:364)
at org.openqa.selenium.remote.RemoteWebDriver.findElement(RemoteWebDriver.java:358)
at Internship_Project_2.Project_2.Testcase15(Project_2.java:1258)
at Internship_Project_2.Project_2_main.Testcase15(Project_2_main.java:126)
at java.base/jdk.internal.reflect.NativeMethodAccessorImpl.invoke0(Native Method)
at java.base/jdk.internal.reflect.NativeMethodAccessorImpl.invoke(NativeMethodAccessorImpl.java:77)
at java.base/jdk.internal.reflect.DelegatingMethodAccessorImpl.invoke(DelegatingMethodAccessorImpl.java:43)
at java.base/java.lang.reflect.Method.invoke(Method.java:568)
at org.testng.internal.MethodInvocationHelper.invokeMethod(MethodInvocationHelper.java:133)
at org.testng.internal.TestInvoker.invokeMethod(TestInvoker.java:598)
at org.testng.internal.TestInvoker.invokeTestMethod(TestInvoker.java:173)
at org.testng.internal.MethodRunner.runInSequence(MethodRunner.java:46)
at org.testng.internal.TestInvoker$MethodInvocationAgent.invoke(TestInvoker.java:824)
at org.testng.internal.TestInvoker.invokeTestMethods(TestInvoker.java:146)
at org.testng.internal.TestMethodWorker.invokeTestMethods(TestMethodWorker.java:146)
at org.testng.internal.TestMethodWorker.run(TestMethodWorker.java:128)
at java.base/java.util.ArrayList.forEach(ArrayList.java:1511)
at org.testng.TestRunner.privateRun(TestRunner.java:794)
at org.testng.TestRunner.run(TestRunner.java:596)
at org.testng.SuiteRunner.runTest(SuiteRunner.java:377)
at org.testng.SuiteRunner.runSequentially(SuiteRunner.java:371)
at org.testng.SuiteRunner.privateRun(SuiteRunner.java:332)
at org.testng.SuiteRunner.run(SuiteRunner.java:276)
at org.testng.SuiteRunnerWorker.runSuite(SuiteRunnerWorker.java:53)
at org.testng.SuiteRunnerWorker.run(SuiteRunnerWorker.java:96)
at org.testng.TestNG.runSuitesSequentially(TestNG.java:1212)
at org.testng.TestNG.runSuitesLocally(TestNG.java:1134)
at org.testng.TestNG.runSuites(TestNG.java:1063)
at org.testng.TestNG.run(TestNG.java:1031)
at org.testng.remote.AbstractRemoteTestNG.run(AbstractRemoteTestNG.java:115)
at org.testng.remote.RemoteTestNG.initAndRun(RemoteTestNG.java:251)
at org.testng.remote.RemoteTestNG.main(RemoteTestNG.java:77)
]]>
            </full-stacktrace>
          </exception> <!-- org.openqa.selenium.NoSuchElementException -->
          <reporter-output>
          </reporter-output>
        </test-method> <!-- Testcase15 -->
        <test-method signature="Testcase17()[pri:17, instance:Internship_Project_2.Project_2_main@53ce1329]" started-at="2024-02-07T19:34:53 IST" name="Testcase17" finished-at="2024-02-07T19:34:53 IST" duration-ms="0" status="PASS">
          <reporter-output>
          </reporter-output>
        </test-method> <!-- Testcase17 -->
        <test-method signature="Testcase18()[pri:18, instance:Internship_Project_2.Project_2_main@53ce1329]" started-at="2024-02-07T19:34:53 IST" name="Testcase18" finished-at="2024-02-07T19:34:53 IST" duration-ms="1" status="PASS">
          <reporter-output>
          </reporter-output>
        </test-method> <!-- Testcase18 -->
        <test-method signature="Testcase19()[pri:19, instance:Internship_Project_2.Project_2_main@53ce1329]" started-at="2024-02-07T19:34:53 IST" name="Testcase19" finished-at="2024-02-07T19:34:53 IST" duration-ms="1" status="PASS">
          <reporter-output>
          </reporter-output>
        </test-method> <!-- Testcase19 -->
        <test-method signature="Testcase21()[pri:21, instance:Internship_Project_2.Project_2_main@53ce1329]" started-at="2024-02-07T19:34:53 IST" name="Testcase21" finished-at="2024-02-07T19:34:53 IST" duration-ms="0" status="PASS">
          <reporter-output>
          </reporter-output>
        </test-method> <!-- Testcase21 -->
        <test-method signature="Testcase22()[pri:22, instance:Internship_Project_2.Project_2_main@53ce1329]" started-at="2024-02-07T19:34:53 IST" name="Testcase22" finished-at="2024-02-07T19:34:53 IST" duration-ms="1" status="PASS">
          <reporter-output>
          </reporter-output>
        </test-method> <!-- Testcase22 -->
        <test-method signature="Testcase25()[pri:25, instance:Internship_Project_2.Project_2_main@53ce1329]" started-at="2024-02-07T19:34:53 IST" name="Testcase25" finished-at="2024-02-07T19:34:53 IST" duration-ms="1" status="PASS">
          <reporter-output>
          </reporter-output>
        </test-method> <!-- Testcase25 -->
        <test-method signature="Testcase26()[pri:26, instance:Internship_Project_2.Project_2_main@53ce1329]" started-at="2024-02-07T19:34:53 IST" name="Testcase26" finished-at="2024-02-07T19:34:53 IST" duration-ms="0" status="PASS">
          <reporter-output>
          </reporter-output>
        </test-method> <!-- Testcase26 -->
      </class> <!-- Internship_Project_2.Project_2_main -->
    </test> <!-- Default test -->
  </suite> <!-- Default suite -->
</testng-results>
